# 0.905446
1	I1	L8	NoCAP	NoPAREN	B-QTY/0.997521
cup	I2	L8	NoCAP	NoPAREN	B-UNIT/0.997356
butter	I3	L8	NoCAP	NoPAREN	B-NAME/0.995206
,	I4	L8	NoCAP	NoPAREN	OTHER/0.917593
melted	I5	L8	NoCAP	NoPAREN	B-COMMENT/0.922378

# 0.700088
3	I1	L8	NoCAP	NoPAREN	B-QTY/0.999391
cups	I2	L8	NoCAP	NoPAREN	B-UNIT/0.997480
white	I3	L8	NoCAP	NoPAREN	B-NAME/0.702132
sugar	I4	L8	NoCAP	NoPAREN	I-NAME/0.702934

# 0.994050
1	I1	L8	NoCAP	NoPAREN	B-QTY/0.998623
tablespoon	I2	L8	NoCAP	NoPAREN	B-UNIT/0.999403
vanilla	I3	L8	NoCAP	NoPAREN	B-NAME/0.998649
extract	I4	L8	NoCAP	NoPAREN	I-NAME/0.996003

# 0.995515
4	I1	L4	NoCAP	NoPAREN	B-QTY/0.998045
eggs	I2	L4	NoCAP	NoPAREN	B-NAME/0.997392

# 0.701137
1$1/2	I1	L8	NoCAP	NoPAREN	B-QTY/0.998751
cups	I2	L8	NoCAP	NoPAREN	B-UNIT/0.998061
all-purpose	I3	L8	NoCAP	NoPAREN	B-NAME/0.704067
flour	I4	L8	NoCAP	NoPAREN	I-NAME/0.703529

# 0.839471
1	I1	L8	NoCAP	NoPAREN	B-QTY/0.997483
cup	I2	L8	NoCAP	NoPAREN	B-UNIT/0.994009
unsweetened	I3	L8	NoCAP	NoPAREN	B-COMMENT/0.855896
cocoa	I4	L8	NoCAP	NoPAREN	B-NAME/0.871285
powder	I5	L8	NoCAP	NoPAREN	I-NAME/0.990245

# 0.997909
1	I1	L4	NoCAP	NoPAREN	B-QTY/0.999069
teaspoon	I2	L4	NoCAP	NoPAREN	B-UNIT/0.999364
salt	I3	L4	NoCAP	NoPAREN	B-NAME/0.999185

# 0.507195
1	I1	L8	NoCAP	NoPAREN	B-QTY/0.997217
cup	I2	L8	NoCAP	NoPAREN	B-UNIT/0.997716
semisweet	I3	L8	NoCAP	NoPAREN	B-COMMENT/0.884493
chocolate	I4	L8	NoCAP	NoPAREN	B-NAME/0.885292
chips	I5	L8	NoCAP	NoPAREN	I-NAME/0.612039

