# 0.708986
1	I1	L8	NoCAP	NoPAREN	B-QTY/0.997398
cup	I2	L8	NoCAP	NoPAREN	B-UNIT/0.999168
uncooked	I3	L8	NoCAP	NoPAREN	B-COMMENT/0.926916
white	I4	L8	NoCAP	NoPAREN	I-COMMENT/0.811915
long-grain	I5	L8	NoCAP	NoPAREN	I-COMMENT/0.728620
rice	I6	L8	NoCAP	NoPAREN	B-NAME/0.761432

# 0.992617
5	I1	L4	NoCAP	NoPAREN	B-QTY/0.997447
cups	I2	L4	NoCAP	NoPAREN	B-UNIT/0.999490
water	I3	L4	NoCAP	NoPAREN	B-NAME/0.995571

# 0.995221
1/2	I1	L4	NoCAP	NoPAREN	B-QTY/0.997165
cup	I2	L4	NoCAP	NoPAREN	B-UNIT/0.999410
milk	I3	L4	NoCAP	NoPAREN	B-NAME/0.998572

# 0.994798
1/2	I1	L8	NoCAP	NoPAREN	B-QTY/0.999252
tablespoon	I2	L8	NoCAP	NoPAREN	B-UNIT/0.999388
vanilla	I3	L8	NoCAP	NoPAREN	B-NAME/0.998806
extract	I4	L8	NoCAP	NoPAREN	I-NAME/0.996151

# 0.968329
1/2	I1	L8	NoCAP	NoPAREN	B-QTY/0.998590
tablespoon	I2	L8	NoCAP	NoPAREN	B-UNIT/0.998861
ground	I3	L8	NoCAP	NoPAREN	B-COMMENT/0.974157
cinnamon	I4	L8	NoCAP	NoPAREN	B-NAME/0.972794

# 0.742372
2/3	I1	L8	NoCAP	NoPAREN	OTHER/0.979723
cup	I2	L8	NoCAP	NoPAREN	B-UNIT/0.988415
white	I3	L8	NoCAP	NoPAREN	B-NAME/0.764761
sugar	I4	L8	NoCAP	NoPAREN	I-NAME/0.765295

